Started at Mon Jan 08 16:17:56 UTC 2024
Processing ansible-test
Offering ansible-test to Project Build Discarder
Processing ansible-users-db
Offering ansible-users-db to Project Build Discarder
Processing backup-to-aws
Offering backup-to-aws to Project Build Discarder
Processing ENV
Offering ENV to Project Build Discarder
Processing job-dsl
Offering job-dsl to Project Build Discarder
Processing maven-job
Offering maven-job to Project Build Discarder
Processing my-first-job
Offering my-first-job to Project Build Discarder
Finished at Mon Jan 08 16:17:56 UTC 2024. 5ms
Started at Mon Jan 08 17:17:56 UTC 2024
Processing ansible-test
Offering ansible-test to Project Build Discarder
Processing ansible-users-db
Offering ansible-users-db to Project Build Discarder
Processing backup-to-aws
Offering backup-to-aws to Project Build Discarder
Processing ENV
Offering ENV to Project Build Discarder
Processing job-dsl
Offering job-dsl to Project Build Discarder
Processing maven-job
Offering maven-job to Project Build Discarder
Processing my-first-job
Offering my-first-job to Project Build Discarder
Finished at Mon Jan 08 17:17:56 UTC 2024. 4ms
Started at Mon Jan 08 18:43:09 UTC 2024
Processing ansible-test
Offering ansible-test to Project Build Discarder
Processing ansible-users-db
Offering ansible-users-db to Project Build Discarder
Processing backup-to-aws
Offering backup-to-aws to Project Build Discarder
Processing ENV
Offering ENV to Project Build Discarder
Processing job-dsl
Offering job-dsl to Project Build Discarder
Processing maven-job
Offering maven-job to Project Build Discarder
Processing my-first-job
Offering my-first-job to Project Build Discarder
Finished at Mon Jan 08 18:43:09 UTC 2024. 2ms
Started at Mon Jan 08 19:17:56 UTC 2024
Processing ansible-test
Offering ansible-test to Project Build Discarder
Processing ansible-users-db
Offering ansible-users-db to Project Build Discarder
Processing backup-to-aws
Offering backup-to-aws to Project Build Discarder
Processing ENV
Offering ENV to Project Build Discarder
Processing job-dsl
Offering job-dsl to Project Build Discarder
Processing job_dsl_created
Offering job_dsl_created to Project Build Discarder
Processing job_dsl_example
Offering job_dsl_example to Project Build Discarder
Processing job_dsl_param
Offering job_dsl_param to Project Build Discarder
Processing job_dsl_param_scm
Offering job_dsl_param_scm to Project Build Discarder
Processing maven-job
Offering maven-job to Project Build Discarder
Processing my-first-job
Offering my-first-job to Project Build Discarder
Finished at Mon Jan 08 19:17:56 UTC 2024. 2ms
Started at Mon Jan 08 20:17:56 UTC 2024
Processing ansible-test
Offering ansible-test to Project Build Discarder
Processing ansible-users-db
Offering ansible-users-db to Project Build Discarder
Processing backup-to-aws
Offering backup-to-aws to Project Build Discarder
Processing ENV
Offering ENV to Project Build Discarder
Processing job-dsl
Offering job-dsl to Project Build Discarder
Processing job_dsl_created
Offering job_dsl_created to Project Build Discarder
Processing job_dsl_example
Offering job_dsl_example to Project Build Discarder
Processing job_dsl_param
Offering job_dsl_param to Project Build Discarder
Processing job_dsl_param_scm
Offering job_dsl_param_scm to Project Build Discarder
Processing job_dsl_steps
Offering job_dsl_steps to Project Build Discarder
Processing job_dsl_triggers
Offering job_dsl_triggers to Project Build Discarder
Processing maven-job
Offering maven-job to Project Build Discarder
Processing my-first-job
Offering my-first-job to Project Build Discarder
Finished at Mon Jan 08 20:17:56 UTC 2024. 2ms
Started at Tue Jan 09 01:06:09 UTC 2024
Processing ansible-test
Offering ansible-test to Project Build Discarder
Processing ansible-users-db
Offering ansible-users-db to Project Build Discarder
Processing ansible-users-db-dsl
Offering ansible-users-db-dsl to Project Build Discarder
Processing backup-to-aws
Offering backup-to-aws to Project Build Discarder
Processing ENV
Offering ENV to Project Build Discarder
Processing job-dsl
Offering job-dsl to Project Build Discarder
Processing job_dsl_created
Offering job_dsl_created to Project Build Discarder
Processing job_dsl_example
Offering job_dsl_example to Project Build Discarder
Processing job_dsl_param
Offering job_dsl_param to Project Build Discarder
Processing job_dsl_param_scm
Offering job_dsl_param_scm to Project Build Discarder
Processing job_dsl_steps
Offering job_dsl_steps to Project Build Discarder
Processing job_dsl_triggers
Offering job_dsl_triggers to Project Build Discarder
Processing maven-job
Offering maven-job to Project Build Discarder
Processing maven_dsl
Offering maven_dsl to Project Build Discarder
Processing my-first-job
Offering my-first-job to Project Build Discarder
Finished at Tue Jan 09 01:06:09 UTC 2024. 6ms
Started at Tue Jan 09 02:06:09 UTC 2024
Processing ansible-test
Offering ansible-test to Project Build Discarder
Processing ansible-users-db
Offering ansible-users-db to Project Build Discarder
Processing ansible-users-db-dsl
Offering ansible-users-db-dsl to Project Build Discarder
Processing backup-to-aws
Offering backup-to-aws to Project Build Discarder
Processing ENV
Offering ENV to Project Build Discarder
Processing job-dsl
Offering job-dsl to Project Build Discarder
Processing job_dsl_created
Offering job_dsl_created to Project Build Discarder
Processing job_dsl_example
Offering job_dsl_example to Project Build Discarder
Processing job_dsl_param
Offering job_dsl_param to Project Build Discarder
Processing job_dsl_param_scm
Offering job_dsl_param_scm to Project Build Discarder
Processing job_dsl_steps
Offering job_dsl_steps to Project Build Discarder
Processing job_dsl_triggers
Offering job_dsl_triggers to Project Build Discarder
Processing maven-job
Offering maven-job to Project Build Discarder
Processing maven_dsl
Offering maven_dsl to Project Build Discarder
Processing my-first-job
Offering my-first-job to Project Build Discarder
Finished at Tue Jan 09 02:06:09 UTC 2024. 2ms
Started at Tue Jan 09 03:06:09 UTC 2024
Processing ansible-test
Offering ansible-test to Project Build Discarder
Processing ansible-users-db
Offering ansible-users-db to Project Build Discarder
Processing ansible-users-db-dsl
Offering ansible-users-db-dsl to Project Build Discarder
Processing backup-to-aws
Offering backup-to-aws to Project Build Discarder
Processing ENV
Offering ENV to Project Build Discarder
Processing job-dsl
Offering job-dsl to Project Build Discarder
Processing job_dsl_created
Offering job_dsl_created to Project Build Discarder
Processing job_dsl_example
Offering job_dsl_example to Project Build Discarder
Processing job_dsl_param
Offering job_dsl_param to Project Build Discarder
Processing job_dsl_param_scm
Offering job_dsl_param_scm to Project Build Discarder
Processing job_dsl_steps
Offering job_dsl_steps to Project Build Discarder
Processing job_dsl_triggers
Offering job_dsl_triggers to Project Build Discarder
Processing maven-job
Offering maven-job to Project Build Discarder
Processing maven_dsl
Offering maven_dsl to Project Build Discarder
Processing my-first-job
Offering my-first-job to Project Build Discarder
Finished at Tue Jan 09 03:06:09 UTC 2024. 2ms
Started at Tue Jan 09 04:06:09 UTC 2024
Processing ansible-test
Offering ansible-test to Project Build Discarder
Processing ansible-users-db
Offering ansible-users-db to Project Build Discarder
Processing ansible-users-db-dsl
Offering ansible-users-db-dsl to Project Build Discarder
Processing backup-to-aws
Offering backup-to-aws to Project Build Discarder
Processing ENV
Offering ENV to Project Build Discarder
Processing job-dsl
Offering job-dsl to Project Build Discarder
Processing job_dsl_created
Offering job_dsl_created to Project Build Discarder
Processing job_dsl_example
Offering job_dsl_example to Project Build Discarder
Processing job_dsl_param
Offering job_dsl_param to Project Build Discarder
Processing job_dsl_param_scm
Offering job_dsl_param_scm to Project Build Discarder
Processing job_dsl_steps
Offering job_dsl_steps to Project Build Discarder
Processing job_dsl_triggers
Offering job_dsl_triggers to Project Build Discarder
Processing maven-job
Offering maven-job to Project Build Discarder
Processing maven_dsl
Offering maven_dsl to Project Build Discarder
Processing my-first-job
Offering my-first-job to Project Build Discarder
Processing pipeline
Offering pipeline to Project Build Discarder
Finished at Tue Jan 09 04:06:09 UTC 2024. 2ms
Started at Tue Jan 09 05:06:09 UTC 2024
Processing ansible-test
Offering ansible-test to Project Build Discarder
Processing ansible-users-db
Offering ansible-users-db to Project Build Discarder
Processing ansible-users-db-dsl
Offering ansible-users-db-dsl to Project Build Discarder
Processing backup-to-aws
Offering backup-to-aws to Project Build Discarder
Processing ENV
Offering ENV to Project Build Discarder
Processing job-dsl
Offering job-dsl to Project Build Discarder
Processing job_dsl_created
Offering job_dsl_created to Project Build Discarder
Processing job_dsl_example
Offering job_dsl_example to Project Build Discarder
Processing job_dsl_param
Offering job_dsl_param to Project Build Discarder
Processing job_dsl_param_scm
Offering job_dsl_param_scm to Project Build Discarder
Processing job_dsl_steps
Offering job_dsl_steps to Project Build Discarder
Processing job_dsl_triggers
Offering job_dsl_triggers to Project Build Discarder
Processing maven-job
Offering maven-job to Project Build Discarder
Processing maven_dsl
Offering maven_dsl to Project Build Discarder
Processing my-first-job
Offering my-first-job to Project Build Discarder
Processing pipeline
Offering pipeline to Project Build Discarder
Finished at Tue Jan 09 05:06:09 UTC 2024. 22ms
